<?xml version="1.0" encoding="UTF-8"?>
<!-- Generated by org.testng.reporters.JUnitXMLReporter -->
<testsuite hostname="DESKTOP-7DIC8F6" ignored="8" name="Default test" tests="1" failures="0" timestamp="18 Jan 2018 01:51:55 GMT" time="7.113" errors="0">
  <testcase name="ClickMainCoupon" time="6.158" classname="dominoFramework.test.DefaultPageTest"/>
  <testcase name="ClickCarryOutButton" time="0.0" classname="dominoFramework.test.DefaultPageTest">
    <ignored/>
  </testcase> <!-- ClickCarryOutButton -->
  <testcase name="ClickCreateOneLink" time="0.0" classname="dominoFramework.test.DefaultPageTest">
    <ignored/>
  </testcase> <!-- ClickCreateOneLink -->
  <testcase name="ClickCreateOneLinkNewTab" time="0.0" classname="dominoFramework.test.DefaultPageTest">
    <ignored/>
  </testcase> <!-- ClickCreateOneLinkNewTab -->
  <testcase name="ClickSideTopCoupon" time="0.0" classname="dominoFramework.test.DefaultPageTest">
    <ignored/>
  </testcase> <!-- ClickSideTopCoupon -->
  <testcase name="ClickSideBottomCoupon" time="0.0" classname="dominoFramework.test.DefaultPageTest">
    <ignored/>
  </testcase> <!-- ClickSideBottomCoupon -->
  <testcase name="ClickCreateOneLinkNewWindow" time="0.0" classname="dominoFramework.test.DefaultPageTest">
    <ignored/>
  </testcase> <!-- ClickCreateOneLinkNewWindow -->
  <testcase name="ClickSignInandEarn" time="0.0" classname="dominoFramework.test.DefaultPageTest">
    <ignored/>
  </testcase> <!-- ClickSignInandEarn -->
  <testcase name="ClickDeliveryButton" time="0.0" classname="dominoFramework.test.DefaultPageTest">
    <ignored/>
  </testcase> <!-- ClickDeliveryButton -->
</testsuite> <!-- Default test -->
