<?xml version="1.0" encoding="UTF-8"?>
<!-- Generated by org.testng.reporters.JUnitXMLReporter -->
<testsuite hostname="DESKTOP-7DIC8F6" ignored="8" name="Default test" tests="1" failures="0" timestamp="17 Jan 2018 00:40:45 GMT" time="25.027" errors="0">
  <testcase name="ClickCreateOneLinkNewTab" time="20.118" classname="dominoFramework.DefaultPageTest"/>
  <testcase name="ClickDeliveryButton" time="0.0" classname="dominoFramework.DefaultPageTest">
    <ignored/>
  </testcase> <!-- ClickDeliveryButton -->
  <testcase name="ClickMainCoupon" time="0.0" classname="dominoFramework.DefaultPageTest">
    <ignored/>
  </testcase> <!-- ClickMainCoupon -->
  <testcase name="ClickCarryOutButton" time="0.0" classname="dominoFramework.DefaultPageTest">
    <ignored/>
  </testcase> <!-- ClickCarryOutButton -->
  <testcase name="ClickSideBottomCoupon" time="0.0" classname="dominoFramework.DefaultPageTest">
    <ignored/>
  </testcase> <!-- ClickSideBottomCoupon -->
  <testcase name="ClickCreateOneLinkNewWindow" time="0.0" classname="dominoFramework.DefaultPageTest">
    <ignored/>
  </testcase> <!-- ClickCreateOneLinkNewWindow -->
  <testcase name="ClickCreateOneLink" time="0.0" classname="dominoFramework.DefaultPageTest">
    <ignored/>
  </testcase> <!-- ClickCreateOneLink -->
  <testcase name="ClickSignInandEarn" time="0.0" classname="dominoFramework.DefaultPageTest">
    <ignored/>
  </testcase> <!-- ClickSignInandEarn -->
  <testcase name="ClickSideTopCoupon" time="0.0" classname="dominoFramework.DefaultPageTest">
    <ignored/>
  </testcase> <!-- ClickSideTopCoupon -->
</testsuite> <!-- Default test -->
