<?xml version="1.0" encoding="UTF-8"?>
<!-- Generated by org.testng.reporters.JUnitXMLReporter -->
<testsuite hostname="DESKTOP-7DIC8F6" ignored="5" name="dominoFramework.test.CreatePizzaProfileTest" tests="3" failures="2" timestamp="18 Jan 2018 01:53:18 GMT" time="19.348" errors="0">
  <testcase name="enterEmail" time="6.335" classname="dominoFramework.test.CreatePizzaProfileTest">
    <failure type="java.lang.AssertionError" message="expected:&amp;lt;That email is totally wrong and so is this.&amp;gt; but was:&amp;lt;Please enter a valid email address.&amp;gt;">
      <![CDATA[java.lang.AssertionError: expected:<That email is totally wrong and so is this.> but was:<Please enter a valid email address.>at dominoFramework.test.CreatePizzaProfileTest.enterEmail(CreatePizzaProfileTest.java:62)at java.util.concurrent.ThreadPoolExecutor.runWorker(Unknown Source)at java.util.concurrent.ThreadPoolExecutor$Worker.run(Unknown Source)at java.lang.Thread.run(Unknown Source)... Removed 12 stack frames]]>
    </failure>
  </testcase> <!-- enterEmail -->
  <testcase name="enterFirstName" time="15.175" classname="dominoFramework.test.CreatePizzaProfileTest">
    <failure type="java.lang.AssertionError" message="expected:&amp;lt;Bob&amp;gt; but was:&amp;lt;&amp;gt;">
      <![CDATA[java.lang.AssertionError: expected:<Bob> but was:<>at dominoFramework.test.CreatePizzaProfileTest.enterFirstName(CreatePizzaProfileTest.java:39)at java.util.concurrent.ThreadPoolExecutor.runWorker(Unknown Source)at java.util.concurrent.ThreadPoolExecutor$Worker.run(Unknown Source)at java.lang.Thread.run(Unknown Source)... Removed 12 stack frames]]>
    </failure>
  </testcase> <!-- enterFirstName -->
  <testcase name="enterBothEmailFields" time="12.449" classname="dominoFramework.test.CreatePizzaProfileTest"/>
  <testcase name="confirmEmail" time="0.0" classname="dominoFramework.test.CreatePizzaProfileTest">
    <ignored/>
  </testcase> <!-- confirmEmail -->
  <testcase name="confirmPassword" time="0.0" classname="dominoFramework.test.CreatePizzaProfileTest">
    <ignored/>
  </testcase> <!-- confirmPassword -->
  <testcase name="enterPhone" time="0.0" classname="dominoFramework.test.CreatePizzaProfileTest">
    <ignored/>
  </testcase> <!-- enterPhone -->
  <testcase name="enterLastName" time="0.0" classname="dominoFramework.test.CreatePizzaProfileTest">
    <ignored/>
  </testcase> <!-- enterLastName -->
  <testcase name="enterPassword" time="0.0" classname="dominoFramework.test.CreatePizzaProfileTest">
    <ignored/>
  </testcase> <!-- enterPassword -->
</testsuite> <!-- dominoFramework.test.CreatePizzaProfileTest -->
